Build started 7/9/2020 10:39:33.
     1>Project "C:\Users\Joe\Documents\CPS\CPS_580\Assignments\Homework 3\Sudoku_Source_Files_Only\Sudoku_CSP.vcxproj" on node 2 (Build target(s)).
     1>ClCompile:
         C:\Program Files (x86)\Microsoft Visual Studio 12.0\VC\bin\CL.exe /c /IC:\opencv\build\include /Zi /nologo /W3 /WX- /Od /Oy- /D WIN32 /D _DEBUG /D _WINDOWS /Gm /EHsc /RTC1 /MDd /GS /fp:precise /Zc:wchar_t /Zc:forScope /Fo"Debug\\" /Fd"Debug\vc120.pdb" /Gd /TP /analyze- /errorReport:prompt CSP.cpp
         CSP.cpp
     1>CSP.cpp(185): warning C4244: 'argument' : conversion from 'time_t' to 'unsigned int', possible loss of data
     1>CSP.cpp(325): warning C4018: '<' : signed/unsigned mismatch
     1>CSP.cpp(369): warning C4018: '<' : signed/unsigned mismatch
     1>CSP.cpp(414): warning C4018: '<' : signed/unsigned mismatch
     1>CSP.cpp(471): warning C4018: '<' : signed/unsigned mismatch
     1>CSP.cpp(539): warning C4018: '<' : signed/unsigned mismatch
     1>CSP.cpp(594): warning C4018: '<' : signed/unsigned mismatch
     1>CSP.cpp(661): warning C4018: '<' : signed/unsigned mismatch
     1>CSP.cpp(716): warning C4018: '<' : signed/unsigned mismatch
     1>CSP.cpp(758): warning C4018: '<' : signed/unsigned mismatch
     1>CSP.cpp(802): warning C4018: '<' : signed/unsigned mismatch
     1>CSP.cpp(887): warning C4018: '<' : signed/unsigned mismatch
       Link:
         C:\Program Files (x86)\Microsoft Visual Studio 12.0\VC\bin\link.exe /ERRORREPORT:PROMPT /OUT:"C:\Users\Joe\Documents\CPS\CPS_580\Assignments\Homework 3\Sudoku_Source_Files_Only\Debug\Sudoku_CSP.exe" /INCREMENTAL /NOLOGO /LIBPATH:C:\opencv\build\x86\vc12\lib opencv_calib3d249d.lib opencv_contrib249d.lib opencv_core249d.lib opencv_features2d249d.lib opencv_flann249d.lib opencv_gpu249d.lib opencv_highgui249d.lib opencv_imgproc249d.lib opencv_legacy249d.lib opencv_ml249d.lib opencv_nonfree249d.lib opencv_objdetect249d.lib opencv_photo249d.lib opencv_stitching249d.lib opencv_ts249d.lib opencv_video249d.lib opencv_videostab249d.lib kernel32.lib user32.lib gdi32.lib winspool.lib comdlg32.lib advapi32.lib shell32.lib ole32.lib oleaut32.lib uuid.lib odbc32.lib odbccp32.lib /MANIFEST /MANIFESTUAC:"level='asInvoker' uiAccess='false'" /manifest:embed /DEBUG /PDB:"C:\Users\Joe\Documents\CPS\CPS_580\Assignments\Homework 3\Sudoku_Source_Files_Only\Debug\Sudoku_CSP.pdb" /TLBID:1 /DYNAMICBASE /NXCOMPAT /IMPLIB:"C:\Users\Joe\Documents\CPS\CPS_580\Assignments\Homework 3\Sudoku_Source_Files_Only\Debug\Sudoku_CSP.lib" /MACHINE:X86 Debug\CSP.obj
         Debug\main.obj
         Debug\VisualDisplay.obj
         LINK : C:\Users\Joe\Documents\CPS\CPS_580\Assignments\Homework 3\Sudoku_Source_Files_Only\Debug\Sudoku_CSP.exe not found or not built by the last incremental link; performing full link
         Sudoku_CSP.vcxproj -> C:\Users\Joe\Documents\CPS\CPS_580\Assignments\Homework 3\Sudoku_Source_Files_Only\Debug\Sudoku_CSP.exe
     1>Done Building Project "C:\Users\Joe\Documents\CPS\CPS_580\Assignments\Homework 3\Sudoku_Source_Files_Only\Sudoku_CSP.vcxproj" (Build target(s)).

Build succeeded.

Time Elapsed 00:00:01.64
